<?xml version="1.0" encoding="UTF-8"?>
<!-- Generated by org.testng.reporters.JUnitReportReporter -->
<testsuite hostname="Vaishali" failures="0" tests="1" name="testcases.LoginTestCases" time="6.324" errors="0" timestamp="2025-05-16T13:02:21 IST" skipped="0">
  <testcase classname="testcases.LoginTestCases" name="invalidLoginTest" time="6.324"/>
</testsuite> <!-- testcases.LoginTestCases -->
