<?xml version="1.0" encoding="UTF-8"?>
<!-- Generated by org.testng.reporters.JUnitReportReporter -->
<testsuite hostname="Vaishali" failures="0" tests="1" name="tetscases.RegisterTestCases" time="8.224" errors="0" timestamp="2025-05-02T14:02:14 IST" skipped="0">
  <testcase classname="tetscases.RegisterTestCases" name="verifyRegisterationWithValidData" time="8.224"/>
</testsuite> <!-- tetscases.RegisterTestCases -->
