<?xml version="1.0" encoding="UTF-8"?>
<!-- Generated by org.testng.reporters.JUnitReportReporter -->
<testsuite hostname="Vaishali" failures="0" tests="1" name="tetscases.LoginTestCases" time="4.969" errors="0" timestamp="2025-05-02T11:00:25 IST" skipped="0">
  <testcase classname="tetscases.LoginTestCases" name="invalidLoginTest" time="4.969"/>
</testsuite> <!-- tetscases.LoginTestCases -->
